<?xml version="1.0" encoding="UTF-8"?>
<!-- Generated by org.testng.reporters.JUnitReportReporter -->
<testsuite hostname="DESKTOP-S280CKC" failures="0" tests="1" name="com.expedia.qa.testcases.LoginPageTest" time="58.169" errors="0" timestamp="2021-12-08T18:03:21 EST" skipped="0">
  <testcase classname="com.expedia.qa.testcases.LoginPageTest" name="ValidateTitle" time="58.169"/>
  <system-out/>
</testsuite> <!-- com.expedia.qa.testcases.LoginPageTest -->
